.venv/bin/pytest
============================= test session starts ==============================
platform darwin -- Python 3.11.15, pytest-9.1.1, pluggy-1.6.0
rootdir: /Users/home/Projects/incidentos
configfile: pyproject.toml
testpaths: tests
plugins: anyio-4.14.1
collected 6 items

tests/test_classifier.py ...                                             [ 50%]
tests/test_report.py .                                                   [ 66%]
tests/test_risk.py ..                                                    [100%]

============================== 6 passed in 0.02s ===============================
